0    [AWT-EventQueue-0] INFO  ca.sqlpower.architect.ArchitectUtils  - Log4J configured successfully
463  [AWT-EventQueue-0] INFO  ca.sqlpower.sql.PlDotIni  - Beginning to read/merge new pl.ini data
615  [AWT-EventQueue-0] INFO  ca.sqlpower.sql.PlDotIni  - Finished reading file.
616  [AWT-EventQueue-0] INFO  ca.sqlpower.sql.PlDotIni  - Beginning to read/merge new pl.ini data
725  [AWT-EventQueue-0] INFO  ca.sqlpower.sql.PlDotIni  - Finished reading file.
1231 [AWT-EventQueue-0] INFO  ca.sqlpower.architect.swingui.dbtree.DBTreeModel  - Changing a UUID. This should only be done during load.
1239 [AWT-EventQueue-0] INFO  ca.sqlpower.architect.swingui.dbtree.DBTreeModel  - Changing a UUID. This should only be done during load.
1242 [AWT-EventQueue-0] INFO  ca.sqlpower.architect.swingui.dbtree.DBTreeModel  - Changing a UUID. This should only be done during load.
1245 [AWT-EventQueue-0] INFO  ca.sqlpower.architect.swingui.dbtree.DBTreeModel  - Changing a UUID. This should only be done during load.
1248 [AWT-EventQueue-0] INFO  ca.sqlpower.architect.swingui.dbtree.DBTreeModel  - Changing a UUID. This should only be done during load.
1256 [AWT-EventQueue-0] INFO  ca.sqlpower.architect.swingui.dbtree.DBTreeModel  - Changing a UUID. This should only be done during load.
1258 [AWT-EventQueue-0] INFO  ca.sqlpower.architect.swingui.dbtree.DBTreeModel  - Changing a UUID. This should only be done during load.
1261 [AWT-EventQueue-0] INFO  ca.sqlpower.architect.swingui.dbtree.DBTreeModel  - Changing a UUID. This should only be done during load.
1302 [AWT-EventQueue-0] INFO  ca.sqlpower.architect.swingui.PlayPenComponent  - TablePane: Usuario (TABLE) is adding ca.sqlpower.architect.swingui.PlayPen[Play Pen,0,0,0x0,invalid,layout=java.awt.FlowLayout,alignmentX=0.0,alignmentY=0.0,border=,flags=9,maximumSize=,minimumSize=java.awt.Dimension[width=1,height=1],preferredSize=]
1304 [AWT-EventQueue-0] INFO  ca.sqlpower.architect.swingui.PlayPenComponent  - TablePane: Permissao (TABLE) is adding ca.sqlpower.architect.swingui.PlayPen[Play Pen,0,0,0x0,invalid,layout=java.awt.FlowLayout,alignmentX=0.0,alignmentY=0.0,border=,flags=9,maximumSize=,minimumSize=java.awt.Dimension[width=1,height=1],preferredSize=]
1306 [AWT-EventQueue-0] INFO  ca.sqlpower.architect.swingui.PlayPenComponent  - TablePane: Pró-Reitor (TABLE) is adding ca.sqlpower.architect.swingui.PlayPen[Play Pen,0,0,0x0,invalid,layout=java.awt.FlowLayout,alignmentX=0.0,alignmentY=0.0,border=,flags=9,maximumSize=,minimumSize=java.awt.Dimension[width=1,height=1],preferredSize=]
1307 [AWT-EventQueue-0] INFO  ca.sqlpower.architect.swingui.PlayPenComponent  - TablePane: Aluno (TABLE) is adding ca.sqlpower.architect.swingui.PlayPen[Play Pen,0,0,0x0,invalid,layout=java.awt.FlowLayout,alignmentX=0.0,alignmentY=0.0,border=,flags=9,maximumSize=,minimumSize=java.awt.Dimension[width=1,height=1],preferredSize=]
1308 [AWT-EventQueue-0] INFO  ca.sqlpower.architect.swingui.PlayPenComponent  - TablePane: Professor (TABLE) is adding ca.sqlpower.architect.swingui.PlayPen[Play Pen,0,0,0x0,invalid,layout=java.awt.FlowLayout,alignmentX=0.0,alignmentY=0.0,border=,flags=9,maximumSize=,minimumSize=java.awt.Dimension[width=1,height=1],preferredSize=]
1309 [AWT-EventQueue-0] INFO  ca.sqlpower.architect.swingui.PlayPenComponent  - TablePane: Coordenador (TABLE) is adding ca.sqlpower.architect.swingui.PlayPen[Play Pen,0,0,0x0,invalid,layout=java.awt.FlowLayout,alignmentX=0.0,alignmentY=0.0,border=,flags=9,maximumSize=,minimumSize=java.awt.Dimension[width=1,height=1],preferredSize=]
1311 [AWT-EventQueue-0] INFO  ca.sqlpower.architect.swingui.PlayPenComponent  - TablePane: Projeto (TABLE) is adding ca.sqlpower.architect.swingui.PlayPen[Play Pen,0,0,0x0,invalid,layout=java.awt.FlowLayout,alignmentX=0.0,alignmentY=0.0,border=,flags=9,maximumSize=,minimumSize=java.awt.Dimension[width=1,height=1],preferredSize=]
1312 [AWT-EventQueue-0] INFO  ca.sqlpower.architect.swingui.PlayPenComponent  - TablePane: Participante (TABLE) is adding ca.sqlpower.architect.swingui.PlayPen[Play Pen,0,0,0x0,invalid,layout=java.awt.FlowLayout,alignmentX=0.0,alignmentY=0.0,border=,flags=9,maximumSize=,minimumSize=java.awt.Dimension[width=1,height=1],preferredSize=]
1313 [AWT-EventQueue-0] INFO  ca.sqlpower.architect.swingui.PlayPenComponent  - TablePane: Tipo_Projeto (TABLE) is adding ca.sqlpower.architect.swingui.PlayPen[Play Pen,0,0,0x0,invalid,layout=java.awt.FlowLayout,alignmentX=0.0,alignmentY=0.0,border=,flags=9,maximumSize=,minimumSize=java.awt.Dimension[width=1,height=1],preferredSize=]
1328 [AWT-EventQueue-0] INFO  ca.sqlpower.architect.swingui.PlayPenComponent  - Relationship: usuario_pro_reitor_fk is adding ca.sqlpower.architect.swingui.PlayPen[Play Pen,0,0,0x0,invalid,layout=java.awt.FlowLayout,alignmentX=0.0,alignmentY=0.0,border=,flags=9,maximumSize=,minimumSize=java.awt.Dimension[width=1,height=1],preferredSize=]
1334 [AWT-EventQueue-0] INFO  ca.sqlpower.architect.swingui.PlayPenComponent  - Relationship: tipo_autorizacao_usuario_fk is adding ca.sqlpower.architect.swingui.PlayPen[Play Pen,0,0,0x0,invalid,layout=java.awt.FlowLayout,alignmentX=0.0,alignmentY=0.0,border=,flags=9,maximumSize=,minimumSize=java.awt.Dimension[width=1,height=1],preferredSize=]
1338 [AWT-EventQueue-0] INFO  ca.sqlpower.architect.swingui.PlayPenComponent  - Relationship: usuario_aluno_fk is adding ca.sqlpower.architect.swingui.PlayPen[Play Pen,0,0,0x0,invalid,layout=java.awt.FlowLayout,alignmentX=0.0,alignmentY=0.0,border=,flags=9,maximumSize=,minimumSize=java.awt.Dimension[width=1,height=1],preferredSize=]
1340 [AWT-EventQueue-0] INFO  ca.sqlpower.architect.swingui.PlayPenComponent  - Relationship: usuario_professor_fk is adding ca.sqlpower.architect.swingui.PlayPen[Play Pen,0,0,0x0,invalid,layout=java.awt.FlowLayout,alignmentX=0.0,alignmentY=0.0,border=,flags=9,maximumSize=,minimumSize=java.awt.Dimension[width=1,height=1],preferredSize=]
1342 [AWT-EventQueue-0] INFO  ca.sqlpower.architect.swingui.PlayPenComponent  - Relationship: usuario_coordenador_fk is adding ca.sqlpower.architect.swingui.PlayPen[Play Pen,0,0,0x0,invalid,layout=java.awt.FlowLayout,alignmentX=0.0,alignmentY=0.0,border=,flags=9,maximumSize=,minimumSize=java.awt.Dimension[width=1,height=1],preferredSize=]
1345 [AWT-EventQueue-0] INFO  ca.sqlpower.architect.swingui.PlayPenComponent  - Relationship: projeto_participante_fk is adding ca.sqlpower.architect.swingui.PlayPen[Play Pen,0,0,0x0,invalid,layout=java.awt.FlowLayout,alignmentX=0.0,alignmentY=0.0,border=,flags=9,maximumSize=,minimumSize=java.awt.Dimension[width=1,height=1],preferredSize=]
1347 [AWT-EventQueue-0] INFO  ca.sqlpower.architect.swingui.PlayPenComponent  - Relationship: usuario_participante_fk is adding ca.sqlpower.architect.swingui.PlayPen[Play Pen,0,0,0x0,invalid,layout=java.awt.FlowLayout,alignmentX=0.0,alignmentY=0.0,border=,flags=9,maximumSize=,minimumSize=java.awt.Dimension[width=1,height=1],preferredSize=]
1350 [AWT-EventQueue-0] INFO  ca.sqlpower.architect.swingui.PlayPenComponent  - Relationship: tipo_projeto_projeto_fk is adding ca.sqlpower.architect.swingui.PlayPen[Play Pen,0,0,0x0,invalid,layout=java.awt.FlowLayout,alignmentX=0.0,alignmentY=0.0,border=,flags=9,maximumSize=,minimumSize=java.awt.Dimension[width=1,height=1],preferredSize=]
2278 [AWT-EventQueue-0] DEBUG ca.sqlpower.architect.swingui.TablePane  - Checking column login: VARCHAR(30)
2280 [AWT-EventQueue-0] DEBUG ca.sqlpower.architect.swingui.TablePane  - Checking column senha: VARCHAR(16)
2281 [AWT-EventQueue-0] DEBUG ca.sqlpower.architect.swingui.TablePane  - Checking column Nome: VARCHAR(50)
2281 [AWT-EventQueue-0] DEBUG ca.sqlpower.architect.swingui.TablePane  - Checking column ID: INTEGER
2282 [AWT-EventQueue-0] DEBUG ca.sqlpower.architect.swingui.TablePane  - Checking column ID: INTEGER
2282 [AWT-EventQueue-0] DEBUG ca.sqlpower.architect.swingui.TablePane  - Checking column Descriçăo: VARCHAR(30)
2283 [AWT-EventQueue-0] DEBUG ca.sqlpower.architect.swingui.TablePane  - Checking column login: VARCHAR(30)
2283 [AWT-EventQueue-0] DEBUG ca.sqlpower.architect.swingui.TablePane  - Checking column login: VARCHAR(30)
2284 [AWT-EventQueue-0] DEBUG ca.sqlpower.architect.swingui.TablePane  - Checking column login: VARCHAR(30)
2284 [AWT-EventQueue-0] DEBUG ca.sqlpower.architect.swingui.TablePane  - Checking column login: VARCHAR(30)
2285 [AWT-EventQueue-0] DEBUG ca.sqlpower.architect.swingui.TablePane  - Checking column ID: INTEGER
2285 [AWT-EventQueue-0] DEBUG ca.sqlpower.architect.swingui.TablePane  - Checking column ID_TIPO_PROJ: INTEGER
2285 [AWT-EventQueue-0] DEBUG ca.sqlpower.architect.swingui.TablePane  - Checking column ID: INTEGER
2286 [AWT-EventQueue-0] DEBUG ca.sqlpower.architect.swingui.TablePane  - Checking column login: VARCHAR(30)
2286 [AWT-EventQueue-0] DEBUG ca.sqlpower.architect.swingui.TablePane  - Checking column ID_TIPO_PROJ: INTEGER
2286 [AWT-EventQueue-0] DEBUG ca.sqlpower.architect.swingui.TablePane  - Checking column Descriçăo: VARCHAR(40)
2745 [AWT-EventQueue-0] DEBUG ca.sqlpower.architect.swingui.TablePane  - Checking column login: VARCHAR(30)
2745 [AWT-EventQueue-0] DEBUG ca.sqlpower.architect.swingui.TablePane  - Checking column senha: VARCHAR(16)
2745 [AWT-EventQueue-0] DEBUG ca.sqlpower.architect.swingui.TablePane  - Checking column Nome: VARCHAR(50)
2745 [AWT-EventQueue-0] DEBUG ca.sqlpower.architect.swingui.TablePane  - Checking column ID: INTEGER
2746 [AWT-EventQueue-0] DEBUG ca.sqlpower.architect.swingui.TablePane  - Checking column ID: INTEGER
2746 [AWT-EventQueue-0] DEBUG ca.sqlpower.architect.swingui.TablePane  - Checking column Descriçăo: VARCHAR(30)
2746 [AWT-EventQueue-0] DEBUG ca.sqlpower.architect.swingui.TablePane  - Checking column login: VARCHAR(30)
2746 [AWT-EventQueue-0] DEBUG ca.sqlpower.architect.swingui.TablePane  - Checking column login: VARCHAR(30)
2747 [AWT-EventQueue-0] DEBUG ca.sqlpower.architect.swingui.TablePane  - Checking column login: VARCHAR(30)
2747 [AWT-EventQueue-0] DEBUG ca.sqlpower.architect.swingui.TablePane  - Checking column login: VARCHAR(30)
2747 [AWT-EventQueue-0] DEBUG ca.sqlpower.architect.swingui.TablePane  - Checking column ID: INTEGER
2747 [AWT-EventQueue-0] DEBUG ca.sqlpower.architect.swingui.TablePane  - Checking column ID_TIPO_PROJ: INTEGER
2747 [AWT-EventQueue-0] DEBUG ca.sqlpower.architect.swingui.TablePane  - Checking column ID: INTEGER
2748 [AWT-EventQueue-0] DEBUG ca.sqlpower.architect.swingui.TablePane  - Checking column login: VARCHAR(30)
2748 [AWT-EventQueue-0] DEBUG ca.sqlpower.architect.swingui.TablePane  - Checking column ID_TIPO_PROJ: INTEGER
2748 [AWT-EventQueue-0] DEBUG ca.sqlpower.architect.swingui.TablePane  - Checking column Descriçăo: VARCHAR(40)
3944 [AWT-EventQueue-0] DEBUG ca.sqlpower.architect.swingui.TablePane  - Checking column login: VARCHAR(30)
3944 [AWT-EventQueue-0] DEBUG ca.sqlpower.architect.swingui.TablePane  - Checking column senha: VARCHAR(16)
3944 [AWT-EventQueue-0] DEBUG ca.sqlpower.architect.swingui.TablePane  - Checking column Nome: VARCHAR(50)
3944 [AWT-EventQueue-0] DEBUG ca.sqlpower.architect.swingui.TablePane  - Checking column ID: INTEGER
3944 [AWT-EventQueue-0] DEBUG ca.sqlpower.architect.swingui.TablePane  - Checking column ID: INTEGER
3945 [AWT-EventQueue-0] DEBUG ca.sqlpower.architect.swingui.TablePane  - Checking column Descriçăo: VARCHAR(30)
3945 [AWT-EventQueue-0] DEBUG ca.sqlpower.architect.swingui.TablePane  - Checking column login: VARCHAR(30)
3945 [AWT-EventQueue-0] DEBUG ca.sqlpower.architect.swingui.TablePane  - Checking column login: VARCHAR(30)
3945 [AWT-EventQueue-0] DEBUG ca.sqlpower.architect.swingui.TablePane  - Checking column login: VARCHAR(30)
3945 [AWT-EventQueue-0] DEBUG ca.sqlpower.architect.swingui.TablePane  - Checking column login: VARCHAR(30)
3946 [AWT-EventQueue-0] DEBUG ca.sqlpower.architect.swingui.TablePane  - Checking column ID: INTEGER
3946 [AWT-EventQueue-0] DEBUG ca.sqlpower.architect.swingui.TablePane  - Checking column ID_TIPO_PROJ: INTEGER
3946 [AWT-EventQueue-0] DEBUG ca.sqlpower.architect.swingui.TablePane  - Checking column ID: INTEGER
3946 [AWT-EventQueue-0] DEBUG ca.sqlpower.architect.swingui.TablePane  - Checking column login: VARCHAR(30)
3947 [AWT-EventQueue-0] DEBUG ca.sqlpower.architect.swingui.TablePane  - Checking column ID_TIPO_PROJ: INTEGER
3947 [AWT-EventQueue-0] DEBUG ca.sqlpower.architect.swingui.TablePane  - Checking column Descriçăo: VARCHAR(40)
5515 [AWT-EventQueue-0] DEBUG ca.sqlpower.architect.swingui.TablePane  - Checking column login: VARCHAR(30)
5516 [AWT-EventQueue-0] DEBUG ca.sqlpower.architect.swingui.TablePane  - Checking column senha: VARCHAR(16)
5516 [AWT-EventQueue-0] DEBUG ca.sqlpower.architect.swingui.TablePane  - Checking column Nome: VARCHAR(50)
5516 [AWT-EventQueue-0] DEBUG ca.sqlpower.architect.swingui.TablePane  - Checking column ID: INTEGER
5516 [AWT-EventQueue-0] DEBUG ca.sqlpower.architect.swingui.TablePane  - Checking column ID: INTEGER
5516 [AWT-EventQueue-0] DEBUG ca.sqlpower.architect.swingui.TablePane  - Checking column Descriçăo: VARCHAR(30)
5517 [AWT-EventQueue-0] DEBUG ca.sqlpower.architect.swingui.TablePane  - Checking column login: VARCHAR(30)
5517 [AWT-EventQueue-0] DEBUG ca.sqlpower.architect.swingui.TablePane  - Checking column login: VARCHAR(30)
5517 [AWT-EventQueue-0] DEBUG ca.sqlpower.architect.swingui.TablePane  - Checking column login: VARCHAR(30)
5517 [AWT-EventQueue-0] DEBUG ca.sqlpower.architect.swingui.TablePane  - Checking column login: VARCHAR(30)
5518 [AWT-EventQueue-0] DEBUG ca.sqlpower.architect.swingui.TablePane  - Checking column ID: INTEGER
5518 [AWT-EventQueue-0] DEBUG ca.sqlpower.architect.swingui.TablePane  - Checking column ID_TIPO_PROJ: INTEGER
5518 [AWT-EventQueue-0] DEBUG ca.sqlpower.architect.swingui.TablePane  - Checking column ID: INTEGER
5518 [AWT-EventQueue-0] DEBUG ca.sqlpower.architect.swingui.TablePane  - Checking column login: VARCHAR(30)
5518 [AWT-EventQueue-0] DEBUG ca.sqlpower.architect.swingui.TablePane  - Checking column ID_TIPO_PROJ: INTEGER
5519 [AWT-EventQueue-0] DEBUG ca.sqlpower.architect.swingui.TablePane  - Checking column Descriçăo: VARCHAR(40)
